0100 0001 1 || 10001 | 00110 | 0
0011 1101 1 || 01011 | 10001 | 0
0101 0010 1 || 00101 | 01000 | 0
1101 0110 1 || 01101 | 10100 | 0
1101 1100 1 || 01101 | 11010 | 0
0110 0101 0 || 00110 | 01011 | 0
0101 0111 0 || 10101 | 01100 | 0
1111 0010 0 || 10110 | 10001 | 0
1000 0101 0 || 10100 | 01101 | 0
1101 1101 1 || 11101 | 11011 | 0
0011 1010 0 || 01010 | 01101 | 0
0000 1010 1 || 10010 | 01011 | 0
0110 0011 1 || 10011 | 01010 | 0
0011 1011 1 || 01011 | 01111 | 0
0010 1110 1 || 10110 | 10001 | 0
1111 0011 0 || 01011 | 10010 | 0
1010 1100 0 || 01100 | 10110 | 0
1010 0001 0 || 10010 | 01011 | 0
1000 1001 1 || 01001 | 10010 | 0
0110 0110 0 || 00110 | 01100 | 0
1100 1010 1 || 11010 | 10111 | 0
0001 0101 1 || 00101 | 00111 | 0
1011 1010 0 || 11010 | 10101 | 0
0101 0001 1 || 00101 | 00111 | 0
0010 1100 1 || 01010 | 01111 | 0
1111 1000 1 || 01101 | 11000 | 0
1111 1100 1 || 11101 | 11100 | 0
1001 1001 0 || 01001 | 10010 | 0
0111 0001 0 || 00101 | 01000 | 0
1100 0010 0 || 10100 | 01110 | 0
0111 1101 0 || 01101 | 10100 | 0
1110 1101 1 || 11101 | 11100 | 0
1111 0011 1 || 10111 | 10011 | 0
1000 1011 1 || 11001 | 10100 | 0
1111 1010 0 || 01110 | 11001 | 0
0110 1110 0 || 10110 | 10100 | 0
1010 0110 1 || 10110 | 10001 | 0
0011 1111 1 || 10111 | 10011 | 0
1111 0100 1 || 01101 | 10100 | 0
1011 0110 0 || 10110 | 10001 | 0
1001 1101 0 || 11001 | 10110 | 0
0101 0101 1 || 10101 | 01011 | 0
1001 0100 0 || 10100 | 01101 | 0
1010 1011 0 || 11010 | 10101 | 0
1100 1010 1 || 11010 | 10111 | 0
0011 0110 0 || 00110 | 01001 | 0
0111 1010 0 || 10110 | 10001 | 0
1000 1001 0 || 11000 | 10001 | 0
0100 0011 0 || 10010 | 00111 | 0
1001 1011 1 || 01011 | 10101 | 0
1001 1101 0 || 11001 | 10110 | 0
1010 0110 1 || 10110 | 10001 | 0
0110 0100 1 || 00110 | 01011 | 0
1001 0100 0 || 10100 | 01101 | 0
1000 1101 1 || 11001 | 10110 | 0
1110 1000 0 || 01100 | 10110 | 0
1101 1001 0 || 11001 | 10110 | 0
0110 1010 1 || 10110 | 10001 | 0
0110 0000 1 || 10010 | 00111 | 0
1010 1110 0 || 11010 | 11000 | 0
0101 1010 1 || 10101 | 10000 | 0
0111 0110 0 || 10110 | 01101 | 0
0110 0110 1 || 10110 | 01101 | 0
1100 0110 0 || 01100 | 10010 | 0
1110 1011 1 || 11011 | 11010 | 0
1001 1010 1 || 11001 | 10100 | 0
0111 0001 0 || 00101 | 01000 | 0
0000 0101 1 || 10001 | 00110 | 0
1001 0001 1 || 01001 | 01011 | 0
1000 1011 1 || 11001 | 10100 | 0
1100 1010 0 || 01100 | 10110 | 0
1000 1001 1 || 01001 | 10010 | 0
1110 0110 1 || 01110 | 10101 | 0
1010 1010 1 || 11010 | 10101 | 0
1110 1000 1 || 11010 | 10111 | 0
1000 1010 1 || 01010 | 10011 | 0
1011 0111 0 || 01011 | 10010 | 0
1010 0100 1 || 01010 | 01111 | 0
0010 0100 1 || 10010 | 00111 | 0
0110 1010 0 || 01010 | 10000 | 0
0010 1101 0 || 01010 | 01111 | 0
0100 1010 1 || 01010 | 01111 | 0
0001 1110 1 || 10101 | 10000 | 0
1011 1111 1 || 01111 | 11011 | 0
0110 0101 1 || 10101 | 01100 | 0
1011 1000 0 || 01010 | 10011 | 0
1011 0010 0 || 01010 | 01101 | 0
1101 1011 0 || 01101 | 11000 | 0
1110 1101 0 || 01110 | 11011 | 0
1000 0001 0 || 01000 | 01001 | 0
0001 1011 0 || 01001 | 01100 | 0
0011 0110 1 || 10011 | 01010 | 0
0010 0100 1 || 10010 | 00111 | 0
1000 0010 0 || 01000 | 01010 | 0
1001 0101 1 || 10101 | 01111 | 0
1011 0001 0 || 01001 | 01100 | 0
0111 0001 1 || 10011 | 01001 | 0
0100 1000 0 || 01000 | 01100 | 0
0100 0010 0 || 00100 | 00110 | 0
0001 0101 1 || 00101 | 00111 | 0
1011 0101 1 || 01011 | 10001 | 0
0111 0100 1 || 10101 | 01100 | 0
0111 1001 1 || 01011 | 10001 | 0
1011 1001 1 || 01011 | 10101 | 0
0001 1010 0 || 10010 | 01011 | 0
0101 0011 0 || 00101 | 01000 | 0
0010 1110 0 || 01010 | 10000 | 0
1111 0110 0 || 01110 | 10101 | 0
1000 0000 0 || 10000 | 01000 | 0
0110 0101 0 || 00110 | 01011 | 0
0100 1001 0 || 10100 | 01101 | 0
1100 1010 0 || 01100 | 10110 | 0
0101 0001 1 || 00101 | 00111 | 0
0011 1001 0 || 01001 | 01100 | 0
0101 0001 1 || 00101 | 00111 | 0
1010 0111 0 || 10110 | 10001 | 0
1100 0001 1 || 01001 | 01110 | 0
0110 0111 0 || 10110 | 01101 | 0
1100 0101 0 || 01100 | 10001 | 0
0000 0010 0 || 10000 | 00010 | 0
1101 1101 1 || 11101 | 11011 | 0
1001 1110 1 || 01101 | 11000 | 0
1011 1111 1 || 01111 | 11011 | 0
0011 1101 1 || 01011 | 10001 | 0
0100 0101 0 || 10100 | 01001 | 0
1101 0010 0 || 01010 | 01111 | 0
1101 0010 0 || 01010 | 01111 | 0
0110 1100 0 || 01100 | 10010 | 0
0111 1010 0 || 10110 | 10001 | 0
1010 1100 0 || 01100 | 10110 | 0
1010 1011 0 || 11010 | 10101 | 0
0101 0010 0 || 10010 | 00111 | 0
1001 0100 1 || 01001 | 01110 | 0
1011 1100 1 || 01101 | 11000 | 0
0110 1001 0 || 01010 | 01111 | 0
0000 1100 0 || 01000 | 01100 | 0
0111 1010 1 || 01011 | 10010 | 0
1000 1011 1 || 11001 | 10100 | 0
1100 0011 0 || 01010 | 01111 | 0
1001 1001 1 || 11001 | 10011 | 0
0100 0111 1 || 10101 | 01100 | 0
0000 0010 1 || 00010 | 00011 | 0
1001 0000 0 || 01000 | 01001 | 0
0011 0011 0 || 00011 | 00110 | 0
1000 1101 0 || 01100 | 10101 | 0
0100 1011 1 || 10101 | 10000 | 0
0010 0010 1 || 10010 | 00101 | 0
0000 1110 1 || 01010 | 01111 | 0
1011 0110 1 || 01011 | 10010 | 0
0000 1111 1 || 10101 | 10000 | 0
